<?xml version="1.0" encoding="UTF-8"?>
<testsuite xmlns:xsi="http://www.w3.org/2001/XMLSchema-instance" xsi:noNamespaceSchemaLocation="https://maven.apache.org/surefire/maven-surefire-plugin/xsd/surefire-test-report-3.0.xsd" version="3.0" name="com.nathan.tibiastats.controller.WorldControllerTest" time="0.612" tests="1" errors="1" skipped="0" failures="0">
  <properties>
[...]
</properties>
  <testcase name="getWorldNow" classname="com.nathan.tibiastats.controller.WorldControllerTest" time="0.016">
    <error message="could not execute statement [ERROR: duplicate key value violates unique constraint &quot;worlds_name_key&quot;&#10;  Detail: Key (name)=(Antica) already exists.] [insert into worlds (location,name,pvp_type) values (?,?,?) returning id]; SQL [insert into worlds (location,name,pvp_type) values (?,?,?) returning id]; constraint [worlds_name_key]" type="org.springframework.dao.DataIntegrityViolationException"><![CDATA[org.springframework.dao.DataIntegrityViolationException: 
could not execute statement [ERROR: duplicate key value violates unique constraint "worlds_name_key"
  Detail: Key (name)=(Antica) already exists.] [insert into worlds (location,name,pvp_type) values (?,?,?) returning id]; SQL [insert into worlds (location,name,pvp_type) values (?,?,?) returning id]; constraint [worlds_name_key]
	at org.springframework.orm.jpa.vendor.HibernateJpaDialect.convertHibernateAccessException(HibernateJpaDialect.java:290)
	at org.springframework.orm.jpa.vendor.HibernateJpaDialect.translateExceptionIfPossible(HibernateJpaDialect.java:241)
	at org.springframework.orm.jpa.AbstractEntityManagerFactoryBean.translateExceptionIfPossible(AbstractEntityManagerFactoryBean.java:550)
	at org.springframework.dao.support.ChainedPersistenceExceptionTranslator.translateExceptionIfPossible(ChainedPersistenceExceptionTranslator.java:61)
	at org.springframework.dao.support.DataAccessUtils.translateIfNecessary(DataAccessUtils.java:335)
	at org.springframework.dao.support.PersistenceExceptionTranslationInterceptor.invoke(PersistenceExceptionTranslationInterceptor.java:160)
	at org.springframework.aop.framework.ReflectiveMethodInvocation.proceed(ReflectiveMethodInvocation.java:184)
	at org.springframework.data.jpa.repository.support.CrudMethodMetadataPostProcessor$CrudMethodMetadataPopulatingMethodInterceptor.invoke(CrudMethodMetadataPostProcessor.java:165)
	at org.springframework.aop.framework.ReflectiveMethodInvocation.proceed(ReflectiveMethodInvocation.java:184)
	at org.springframework.aop.interceptor.ExposeInvocationInterceptor.invoke(ExposeInvocationInterceptor.java:97)
	at org.springframework.aop.framework.ReflectiveMethodInvocation.proceed(ReflectiveMethodInvocation.java:184)
	at org.springframework.aop.framework.JdkDynamicAopProxy.invoke(JdkDynamicAopProxy.java:223)
	at com.nathan.tibiastats.infrastructure.persistence.$Proxy146.save(Unknown Source)
	at com.nathan.tibiastats.infrastructure.persistence.SpringWorldRepository.save(SpringWorldRepository.java:23)
	at java.base/jdk.internal.reflect.DirectMethodHandleAccessor.invoke(DirectMethodHandleAccessor.java:103)
	at java.base/java.lang.reflect.Method.invoke(Method.java:580)
	at org.springframework.aop.support.AopUtils.invokeJoinpointUsingReflection(AopUtils.java:355)
	at org.springframework.aop.framework.ReflectiveMethodInvocation.invokeJoinpoint(ReflectiveMethodInvocation.java:196)
	at org.springframework.aop.framework.ReflectiveMethodInvocation.proceed(ReflectiveMethodInvocation.java:163)
	at org.springframework.aop.framework.CglibAopProxy$CglibMethodInvocation.proceed(CglibAopProxy.java:768)
	at org.springframework.dao.support.PersistenceExceptionTranslationInterceptor.invoke(PersistenceExceptionTranslationInterceptor.java:138)
	at org.springframework.aop.framework.ReflectiveMethodInvocation.proceed(ReflectiveMethodInvocation.java:184)
	at org.springframework.aop.framework.CglibAopProxy$CglibMethodInvocation.proceed(CglibAopProxy.java:768)
	at org.springframework.aop.framework.CglibAopProxy$DynamicAdvisedInterceptor.intercept(CglibAopProxy.java:720)
	at com.nathan.tibiastats.infrastructure.persistence.SpringWorldRepository$$SpringCGLIB$$0.save(<generated>)
	at com.nathan.tibiastats.controller.WorldControllerTest.getWorldNow(WorldControllerTest.java:23)
	at java.base/java.lang.reflect.Method.invoke(Method.java:580)
	at java.base/java.util.ArrayList.forEach(ArrayList.java:1596)
	at java.base/java.util.ArrayList.forEach(ArrayList.java:1596)
Caused by: org.hibernate.exception.ConstraintViolationException: could not execute statement [ERROR: duplicate key value violates unique constraint "worlds_name_key"
  Detail: Key (name)=(Antica) already exists.] [insert into worlds (location,name,pvp_type) values (?,?,?) returning id]
	at org.hibernate.exception.internal.SQLStateConversionDelegate.convert(SQLStateConversionDelegate.java:97)
	at org.hibernate.exception.internal.StandardSQLExceptionConverter.convert(StandardSQLExceptionConverter.java:58)
	at org.hibernate.engine.jdbc.spi.SqlExceptionHelper.convert(SqlExceptionHelper.java:108)
	at org.hibernate.engine.jdbc.internal.ResultSetReturnImpl.execute(ResultSetReturnImpl.java:145)
	at org.hibernate.id.insert.InsertReturningDelegate.executeAndExtractReturning(InsertReturningDelegate.java:96)
	at org.hibernate.id.insert.AbstractReturningDelegate.performMutation(AbstractReturningDelegate.java:58)
	at org.hibernate.engine.jdbc.mutation.internal.MutationExecutorSingleNonBatched.performNonBatchedOperations(MutationExecutorSingleNonBatched.java:47)
	at org.hibernate.engine.jdbc.mutation.internal.AbstractMutationExecutor.execute(AbstractMutationExecutor.java:55)
	at org.hibernate.persister.entity.mutation.InsertCoordinatorStandard.doStaticInserts(InsertCoordinatorStandard.java:194)
	at org.hibernate.persister.entity.mutation.InsertCoordinatorStandard.coordinateInsert(InsertCoordinatorStandard.java:132)
	at org.hibernate.persister.entity.mutation.InsertCoordinatorStandard.insert(InsertCoordinatorStandard.java:95)
	at org.hibernate.action.internal.EntityIdentityInsertAction.execute(EntityIdentityInsertAction.java:85)
	at org.hibernate.engine.spi.ActionQueue.execute(ActionQueue.java:671)
	at org.hibernate.engine.spi.ActionQueue.addResolvedEntityInsertAction(ActionQueue.java:292)
	at org.hibernate.engine.spi.ActionQueue.addInsertAction(ActionQueue.java:273)
	at org.hibernate.engine.spi.ActionQueue.addAction(ActionQueue.java:323)
	at org.hibernate.event.internal.AbstractSaveEventListener.addInsertAction(AbstractSaveEventListener.java:391)
	at org.hibernate.event.internal.AbstractSaveEventListener.performSaveOrReplicate(AbstractSaveEventListener.java:305)
	at org.hibernate.event.internal.AbstractSaveEventListener.performSave(AbstractSaveEventListener.java:224)
	at org.hibernate.event.internal.AbstractSaveEventListener.saveWithGeneratedId(AbstractSaveEventListener.java:137)
	at org.hibernate.event.internal.DefaultPersistEventListener.entityIsTransient(DefaultPersistEventListener.java:175)
	at org.hibernate.event.internal.DefaultPersistEventListener.persist(DefaultPersistEventListener.java:93)
	at org.hibernate.event.internal.DefaultPersistEventListener.onPersist(DefaultPersistEventListener.java:77)
	at org.hibernate.event.internal.DefaultPersistEventListener.onPersist(DefaultPersistEventListener.java:54)
	at org.hibernate.event.service.internal.EventListenerGroupImpl.fireEventOnEachListener(EventListenerGroupImpl.java:127)
	at org.hibernate.internal.SessionImpl.firePersist(SessionImpl.java:757)
	at org.hibernate.internal.SessionImpl.persist(SessionImpl.java:741)
	at java.base/jdk.internal.reflect.DirectMethodHandleAccessor.invoke(DirectMethodHandleAccessor.java:103)
	at java.base/java.lang.reflect.Method.invoke(Method.java:580)
	at org.springframework.orm.jpa.SharedEntityManagerCreator$SharedEntityManagerInvocationHandler.invoke(SharedEntityManagerCreator.java:319)
	at jdk.proxy2/jdk.proxy2.$Proxy143.persist(Unknown Source)
	at org.springframework.data.jpa.repository.support.SimpleJpaRepository.save(SimpleJpaRepository.java:626)
	at java.base/jdk.internal.reflect.DirectMethodHandleAccessor.invoke(DirectMethodHandleAccessor.java:103)
	at java.base/java.lang.reflect.Method.invoke(Method.java:580)
	at org.springframework.aop.support.AopUtils.invokeJoinpointUsingReflection(AopUtils.java:355)
	at org.springframework.data.repository.core.support.RepositoryMethodInvoker$RepositoryFragmentMethodInvoker.lambda$new$0(RepositoryMethodInvoker.java:277)
	at org.springframework.data.repository.core.support.RepositoryMethodInvoker.doInvoke(RepositoryMethodInvoker.java:170)
	at org.springframework.data.repository.core.support.RepositoryMethodInvoker.invoke(RepositoryMethodInvoker.java:158)
	at org.springframework.data.repository.core.support.RepositoryComposition$RepositoryFragments.invoke(RepositoryComposition.java:516)
	at org.springframework.data.repository.core.support.RepositoryComposition.invoke(RepositoryComposition.java:285)
	at org.springframework.data.repository.core.support.RepositoryFactorySupport$ImplementationMethodExecutionInterceptor.invoke(RepositoryFactorySupport.java:628)
	at org.springframework.aop.framework.ReflectiveMethodInvocation.proceed(ReflectiveMethodInvocation.java:184)
	at org.springframework.data.repository.core.support.QueryExecutorMethodInterceptor.doInvoke(QueryExecutorMethodInterceptor.java:173)
	at org.springframework.data.repository.core.support.QueryExecutorMethodInterceptor.invoke(QueryExecutorMethodInterceptor.java:148)
	at org.springframework.aop.framework.ReflectiveMethodInvocation.proceed(ReflectiveMethodInvocation.java:184)
	at org.springframework.data.projection.DefaultMethodInvokingMethodInterceptor.invoke(DefaultMethodInvokingMethodInterceptor.java:70)
	at org.springframework.aop.framework.ReflectiveMethodInvocation.proceed(ReflectiveMethodInvocation.java:184)
	at org.springframework.transaction.interceptor.TransactionAspectSupport.invokeWithinTransaction(TransactionAspectSupport.java:379)
	at org.springframework.transaction.interceptor.TransactionInterceptor.invoke(TransactionInterceptor.java:119)
	at org.springframework.aop.framework.ReflectiveMethodInvocation.proceed(ReflectiveMethodInvocation.java:184)
	at org.springframework.dao.support.PersistenceExceptionTranslationInterceptor.invoke(PersistenceExceptionTranslationInterceptor.java:138)
	... 23 more
Caused by: org.postgresql.util.PSQLException: ERROR: duplicate key value violates unique constraint "worlds_name_key"
  Detail: Key (name)=(Antica) already exists.
	at org.postgresql.core.v3.QueryExecutorImpl.receiveErrorResponse(QueryExecutorImpl.java:2733)
	at org.postgresql.core.v3.QueryExecutorImpl.processResults(QueryExecutorImpl.java:2420)
	at org.postgresql.core.v3.QueryExecutorImpl.execute(QueryExecutorImpl.java:372)
	at org.postgresql.jdbc.PgStatement.executeInternal(PgStatement.java:517)
	at org.postgresql.jdbc.PgStatement.execute(PgStatement.java:434)
	at org.postgresql.jdbc.PgPreparedStatement.executeWithFlags(PgPreparedStatement.java:194)
	at org.postgresql.jdbc.PgPreparedStatement.execute(PgPreparedStatement.java:180)
	at com.zaxxer.hikari.pool.ProxyPreparedStatement.execute(ProxyPreparedStatement.java:44)
	at com.zaxxer.hikari.pool.HikariProxyPreparedStatement.execute(HikariProxyPreparedStatement.java)
	at org.hibernate.engine.jdbc.internal.ResultSetReturnImpl.execute(ResultSetReturnImpl.java:129)
	... 70 more
]]></error>
    <system-out><![CDATA[2025-10-10T21:31:54.916Z  INFO 84 --- [           main] t.c.s.AnnotationConfigContextLoaderUtils : Could not detect default configuration classes for test class [com.nathan.tibiastats.controller.WorldControllerTest]: WorldControllerTest does not declare any static, non-private, non-final, nested classes annotated with @Configuration.
2025-10-10T21:31:54.919Z  INFO 84 --- [           main] .b.t.c.SpringBootTestContextBootstrapper : Found @SpringBootConfiguration com.nathan.tibiastats.TibiastatsApplication for test class com.nathan.tibiastats.controller.WorldControllerTest
2025-10-10T21:31:54.921Z  INFO 84 --- [           main] o.s.b.d.r.RestartApplicationListener     : Restart disabled due to context in which it is running

  .   ____          _            __ _ _
 /\\ / ___'_ __ _ _(_)_ __  __ _ \ \ \ \
( ( )\___ | '_ | '_| | '_ \/ _` | \ \ \ \
 \\/  ___)| |_)| | | | | || (_| |  ) ) ) )
  '  |____| .__|_| |_|_| |_\__, | / / / /
 =========|_|==============|___/=/_/_/_/

 :: Spring Boot ::                (v3.3.4)

2025-10-10T21:31:54.941Z  INFO 84 --- [           main] c.n.t.controller.WorldControllerTest     : Starting WorldControllerTest using Java 21.0.7 with PID 84 (started by root in /workspace)
2025-10-10T21:31:54.941Z DEBUG 84 --- [           main] c.n.t.controller.WorldControllerTest     : Running with Spring Boot v3.3.4, Spring v6.1.13
2025-10-10T21:31:54.941Z  INFO 84 --- [           main] c.n.t.controller.WorldControllerTest     : The following 1 profile is active: "dev"
2025-10-10T21:31:55.035Z DEBUG 84 --- [   scheduling-1] org.hibernate.SQL                        : 
    insert 
    into
        scrapes
        (player_list, players_online, scrape_time, world_id) 
    values
        (?, ?, ?, ?) 
    returning id
Hibernate: 
    insert 
    into
        scrapes
        (player_list, players_online, scrape_time, world_id) 
    values
        (?, ?, ?, ?) 
    returning id
2025-10-10T21:31:55.041Z  INFO 84 --- [           main] .s.d.r.c.RepositoryConfigurationDelegate : Bootstrapping Spring Data JPA repositories in DEFAULT mode.
2025-10-10T21:31:55.048Z  INFO 84 --- [           main] .s.d.r.c.RepositoryConfigurationDelegate : Finished Spring Data repository scanning in 6 ms. Found 8 JPA repository interfaces.
2025-10-10T21:31:55.058Z DEBUG 84 --- [   scheduling-1] org.hibernate.SQL                        : 
    select
        w1_0.id,
        w1_0.location,
        w1_0.name,
        w1_0.pvp_type 
    from
        worlds w1_0 
    where
        w1_0.name=?
Hibernate: 
    select
        w1_0.id,
        w1_0.location,
        w1_0.name,
        w1_0.pvp_type 
    from
        worlds w1_0 
    where
        w1_0.name=?
2025-10-10T21:31:55.059Z DEBUG 84 --- [   scheduling-1] org.hibernate.SQL                        : 
    insert 
    into
        worlds
        (location, name, pvp_type) 
    values
        (?, ?, ?) 
    returning id
Hibernate: 
    insert 
    into
        worlds
        (location, name, pvp_type) 
    values
        (?, ?, ?) 
    returning id
2025-10-10T21:31:55.133Z DEBUG 84 --- [           main] o.f.c.i.s.classpath.ClassPathScanner     : Scanning for classpath resources at 'classpath:db/callback' ...
2025-10-10T21:31:55.133Z DEBUG 84 --- [           main] o.f.c.i.s.classpath.ClassPathScanner     : Determining location urls for classpath:db/callback using ClassLoader jdk.internal.loader.ClassLoaders$AppClassLoader@11524711 ...
2025-10-10T21:31:55.133Z DEBUG 84 --- [           main] o.f.c.i.s.classpath.ClassPathScanner     : Unable to resolve location classpath:db/callback.
2025-10-10T21:31:55.135Z DEBUG 84 --- [           main] o.f.c.i.s.classpath.ClassPathScanner     : Scanning for classpath resources at 'classpath:db/migration' ...
2025-10-10T21:31:55.135Z DEBUG 84 --- [           main] o.f.c.i.s.classpath.ClassPathScanner     : Determining location urls for classpath:db/migration using ClassLoader jdk.internal.loader.ClassLoaders$AppClassLoader@11524711 ...
2025-10-10T21:31:55.135Z DEBUG 84 --- [           main] o.f.c.i.s.classpath.ClassPathScanner     : Scanning URL: file:/workspace/target/classes/db/migration
2025-10-10T21:31:55.135Z DEBUG 84 --- [           main] i.s.c.FileSystemClassPathLocationScanner : Scanning starting at classpath root in filesystem: /workspace/target/classes/
2025-10-10T21:31:55.135Z DEBUG 84 --- [           main] i.s.c.FileSystemClassPathLocationScanner : Scanning for resources in path: /workspace/target/classes/db/migration (db/migration)
2025-10-10T21:31:55.135Z DEBUG 84 --- [           main] o.f.c.i.s.classpath.ClassPathScanner     : Found resource: db/migration/V1__init.sql
2025-10-10T21:31:55.135Z DEBUG 84 --- [           main] o.f.c.i.s.classpath.ClassPathScanner     : Found resource: db/migration/V2__auth_users.sql
2025-10-10T21:31:55.135Z DEBUG 84 --- [           main] o.f.c.i.s.classpath.ClassPathScanner     : Found resource: db/migration/V3__auth_refresh_blacklist.sql
2025-10-10T21:31:55.135Z DEBUG 84 --- [           main] o.f.c.i.s.classpath.ClassPathScanner     : Scanning for classes at classpath:db/migration
2025-10-10T21:31:55.135Z DEBUG 84 --- [           main] o.f.c.i.resource.ResourceNameValidator   : Validating V1__init.sql
2025-10-10T21:31:55.148Z DEBUG 84 --- [           main] o.f.c.i.resource.ResourceNameValidator   : Validating V2__auth_users.sql
2025-10-10T21:31:55.148Z DEBUG 84 --- [           main] o.f.c.i.resource.ResourceNameValidator   : Validating V3__auth_refresh_blacklist.sql
2025-10-10T21:31:55.158Z  INFO 84 --- [           main] org.flywaydb.core.FlywayExecutor         : Database: jdbc:postgresql://db:5432/tibiastats (PostgreSQL 15.14)
2025-10-10T21:31:55.159Z DEBUG 84 --- [           main] org.flywaydb.core.FlywayExecutor         : Driver: PostgreSQL JDBC Driver 42.7.4
2025-10-10T21:31:55.159Z DEBUG 84 --- [           main] org.flywaydb.core.FlywayExecutor         : DDL Transactions Supported: true
2025-10-10T21:31:55.159Z DEBUG 84 --- [           main] o.f.c.i.s.SchemaHistoryFactory           : Schemas: 
2025-10-10T21:31:55.159Z DEBUG 84 --- [           main] o.f.c.i.s.SchemaHistoryFactory           : Default schema: null
2025-10-10T21:31:55.160Z DEBUG 84 --- [           main] o.f.c.i.c.SqlScriptCallbackFactory       : Scanning for SQL callbacks ...
2025-10-10T21:31:55.163Z DEBUG 84 --- [           main] o.f.core.internal.command.DbValidate     : Validating migrations ...
2025-10-10T21:31:55.163Z DEBUG 84 --- [           main] o.f.c.a.c.ClassicConfiguration           : CherryPickConfigurationExtension not found
2025-10-10T21:31:55.164Z DEBUG 84 --- [           main] o.f.core.internal.scanner.Scanner        : Filtering out resource: db/migration/V1__init.sql (filename: V1__init.sql)
2025-10-10T21:31:55.164Z DEBUG 84 --- [           main] o.f.core.internal.scanner.Scanner        : Filtering out resource: db/migration/V2__auth_users.sql (filename: V2__auth_users.sql)
2025-10-10T21:31:55.164Z DEBUG 84 --- [           main] o.f.core.internal.scanner.Scanner        : Filtering out resource: db/migration/V3__auth_refresh_blacklist.sql (filename: V3__auth_refresh_blacklist.sql)
2025-10-10T21:31:55.164Z DEBUG 84 --- [           main] o.f.core.internal.scanner.Scanner        : Filtering out resource: db/migration/V1__init.sql (filename: V1__init.sql)
2025-10-10T21:31:55.164Z DEBUG 84 --- [           main] o.f.core.internal.scanner.Scanner        : Filtering out resource: db/migration/V2__auth_users.sql (filename: V2__auth_users.sql)
2025-10-10T21:31:55.164Z DEBUG 84 --- [           main] o.f.core.internal.scanner.Scanner        : Filtering out resource: db/migration/V3__auth_refresh_blacklist.sql (filename: V3__auth_refresh_blacklist.sql)
2025-10-10T21:31:55.168Z  INFO 84 --- [           main] o.f.core.internal.command.DbValidate     : Successfully validated 3 migrations (execution time 00:00.005s)
2025-10-10T21:31:55.169Z DEBUG 84 --- [           main] o.f.core.internal.command.DbSchemas      : Skipping creation of existing schema: "public"
2025-10-10T21:31:55.179Z DEBUG 84 --- [           main] o.f.c.a.c.ClassicConfiguration           : CherryPickConfigurationExtension not found
2025-10-10T21:31:55.181Z  INFO 84 --- [           main] o.f.core.internal.command.DbMigrate      : Current version of schema "public": 3
2025-10-10T21:31:55.182Z  INFO 84 --- [           main] o.f.core.internal.command.DbMigrate      : Schema "public" is up to date. No migration necessary.
2025-10-10T21:31:55.183Z DEBUG 84 --- [           main] org.flywaydb.core.FlywayExecutor         : Memory usage: 95 of 176M
2025-10-10T21:31:55.202Z  INFO 84 --- [           main] o.hibernate.jpa.internal.util.LogHelper  : HHH000204: Processing PersistenceUnitInfo [name: default]
2025-10-10T21:31:55.203Z  INFO 84 --- [           main] o.h.c.internal.RegionFactoryInitiator    : HHH000026: Second-level cache disabled
2025-10-10T21:31:55.208Z  INFO 84 --- [           main] o.s.o.j.p.SpringPersistenceUnitInfo      : No LoadTimeWeaver setup: ignoring JPA class transformer
2025-10-10T21:31:55.208Z  INFO 84 --- [           main] com.zaxxer.hikari.HikariDataSource       : HikariPool-2 - Starting...
2025-10-10T21:31:55.217Z  INFO 84 --- [           main] com.zaxxer.hikari.pool.HikariPool        : HikariPool-2 - Added connection org.postgresql.jdbc.PgConnection@4ca5eb61
2025-10-10T21:31:55.217Z  INFO 84 --- [           main] com.zaxxer.hikari.HikariDataSource       : HikariPool-2 - Start completed.
2025-10-10T21:31:55.315Z  INFO 84 --- [           main] o.h.e.t.j.p.i.JtaPlatformInitiator       : HHH000489: No JTA platform available (set 'hibernate.transaction.jta.platform' to enable JTA platform integration)
2025-10-10T21:31:55.315Z  INFO 84 --- [           main] j.LocalContainerEntityManagerFactoryBean : Initialized JPA EntityManagerFactory for persistence unit 'default'
2025-10-10T21:31:55.378Z  INFO 84 --- [           main] r$InitializeUserDetailsManagerConfigurer : Global AuthenticationManager configured with UserDetailsService bean with name dbUserDetailsService
2025-10-10T21:31:55.433Z  INFO 84 --- [           main] efaultSchemaResourceGraphQlSourceBuilder : Loaded 1 resource(s) in the GraphQL schema.
2025-10-10T21:31:55.439Z  INFO 84 --- [           main] o.s.b.a.g.GraphQlAutoConfiguration       : GraphQL schema inspection:
	Unmapped fields: {WorldOnline=[name, playersOnline], OnlinePoint=[timestamp, playersOnline], Character=[id, name, level, vocation, residence, lastLogin, status], StatPoint=[date, value, rank, world]}
	Unmapped registrations: {}
	Unmapped arguments: {}
	Skipped types: []
2025-10-10T21:31:55.440Z  INFO 84 --- [           main] s.b.a.g.s.GraphQlWebMvcAutoConfiguration : GraphQL endpoint HTTP POST /graphql.
2025-10-10T21:31:55.501Z DEBUG 84 --- [           main] c.n.t.config.TokenBlacklistFilter        : Filter 'tokenBlacklistFilter' configured for use
2025-10-10T21:31:55.502Z  INFO 84 --- [           main] o.s.b.t.m.w.SpringBootMockServletContext : Initializing Spring TestDispatcherServlet ''
2025-10-10T21:31:55.502Z  INFO 84 --- [           main] o.s.t.web.servlet.TestDispatcherServlet  : Initializing Servlet ''
2025-10-10T21:31:55.503Z  INFO 84 --- [           main] o.s.t.web.servlet.TestDispatcherServlet  : Completed initialization in 1 ms
2025-10-10T21:31:55.507Z  INFO 84 --- [           main] c.n.t.controller.WorldControllerTest     : Started WorldControllerTest in 0.586 seconds (process running for 4.931)
2025-10-10T21:31:55.512Z DEBUG 84 --- [           main] org.hibernate.SQL                        : 
    insert 
    into
        worlds
        (location, name, pvp_type) 
    values
        (?, ?, ?) 
    returning id
Hibernate: 
    insert 
    into
        worlds
        (location, name, pvp_type) 
    values
        (?, ?, ?) 
    returning id
2025-10-10T21:31:55.517Z  WARN 84 --- [           main] o.h.engine.jdbc.spi.SqlExceptionHelper   : SQL Error: 0, SQLState: 23505
2025-10-10T21:31:55.517Z ERROR 84 --- [           main] o.h.engine.jdbc.spi.SqlExceptionHelper   : ERROR: duplicate key value violates unique constraint "worlds_name_key"
  Detail: Key (name)=(Antica) already exists.
2025-10-10T21:31:55.522Z DEBUG 84 --- [   scheduling-1] org.hibernate.SQL                        : 
    insert 
    into
        scrapes
        (player_list, players_online, scrape_time, world_id) 
    values
        (?, ?, ?, ?) 
    returning id
Hibernate: 
    insert 
    into
        scrapes
        (player_list, players_online, scrape_time, world_id) 
    values
        (?, ?, ?, ?) 
    returning id
2025-10-10T21:31:55.525Z DEBUG 84 --- [   scheduling-1] org.hibernate.SQL                        : 
    select
        w1_0.id,
        w1_0.location,
        w1_0.name,
        w1_0.pvp_type 
    from
        worlds w1_0 
    where
        w1_0.name=?
Hibernate: 
    select
        w1_0.id,
        w1_0.location,
        w1_0.name,
        w1_0.pvp_type 
    from
        worlds w1_0 
    where
        w1_0.name=?
]]></system-out>
  </testcase>
</testsuite>