<?xml version="1.0" encoding="UTF-8"?>
<testsuite xmlns:xsi="http://www.w3.org/2001/XMLSchema-instance" xsi:noNamespaceSchemaLocation="https://maven.apache.org/surefire/maven-surefire-plugin/xsd/surefire-test-report-3.0.xsd" version="3.0" name="com.nathan.tibiastats.api.OnlineControllerIntegrationTest" time="0.157" tests="1" errors="1" skipped="0" failures="0">
  <properties>
[...]
</properties>
  <testcase name="" classname="com.nathan.tibiastats.api.OnlineControllerIntegrationTest" time="0.157">
    <error message="Could not find a valid Docker environment. Please see logs and check configuration" type="java.lang.IllegalStateException"><![CDATA[java.lang.IllegalStateException: Could not find a valid Docker environment. Please see logs and check configuration
	at org.testcontainers.dockerclient.DockerClientProviderStrategy.lambda$getFirstValidStrategy$7(DockerClientProviderStrategy.java:277)
	at java.base/java.util.Optional.orElseThrow(Optional.java:403)
	at org.testcontainers.dockerclient.DockerClientProviderStrategy.getFirstValidStrategy(DockerClientProviderStrategy.java:268)
	at org.testcontainers.DockerClientFactory.getOrInitializeStrategy(DockerClientFactory.java:152)
	at org.testcontainers.DockerClientFactory.client(DockerClientFactory.java:194)
	at org.testcontainers.DockerClientFactory$1.getDockerClient(DockerClientFactory.java:106)
	at com.github.dockerjava.api.DockerClientDelegate.authConfig(DockerClientDelegate.java:109)
	at org.testcontainers.containers.GenericContainer.start(GenericContainer.java:329)
	at com.nathan.tibiastats.AbstractPostgresTest.start(AbstractPostgresTest.java:14)
	at java.base/java.lang.reflect.Method.invoke(Method.java:580)
	at java.base/java.util.ArrayList.forEach(ArrayList.java:1596)
]]></error>
    <system-out><![CDATA[2025-10-10T21:31:54.739Z  INFO 84 --- [           main] t.c.s.AnnotationConfigContextLoaderUtils : Could not detect default configuration classes for test class [com.nathan.tibiastats.api.OnlineControllerIntegrationTest]: OnlineControllerIntegrationTest does not declare any static, non-private, non-final, nested classes annotated with @Configuration.
2025-10-10T21:31:54.750Z  INFO 84 --- [           main] .b.t.c.SpringBootTestContextBootstrapper : Found @SpringBootConfiguration com.nathan.tibiastats.TibiastatsApplication for test class com.nathan.tibiastats.api.OnlineControllerIntegrationTest
2025-10-10T21:31:54.770Z  INFO 84 --- [           main] org.testcontainers.images.PullPolicy     : Image pull policy will be performed by: DefaultPullPolicy()
2025-10-10T21:31:54.771Z  INFO 84 --- [           main] o.t.utility.ImageNameSubstitutor         : Image name substitution will be performed by: DefaultImageNameSubstitutor (composite of 'ConfigurationFileImageNameSubstitutor' and 'PrefixingImageNameSubstitutor')
2025-10-10T21:31:54.867Z DEBUG 84 --- [   scheduling-1] org.hibernate.SQL                        : 
    select
        w1_0.id,
        w1_0.location,
        w1_0.name,
        w1_0.pvp_type 
    from
        worlds w1_0 
    where
        w1_0.name=?
Hibernate: 
    select
        w1_0.id,
        w1_0.location,
        w1_0.name,
        w1_0.pvp_type 
    from
        worlds w1_0 
    where
        w1_0.name=?
2025-10-10T21:31:54.883Z DEBUG 84 --- [   scheduling-1] org.hibernate.SQL                        : 
    insert 
    into
        worlds
        (location, name, pvp_type) 
    values
        (?, ?, ?) 
    returning id
Hibernate: 
    insert 
    into
        worlds
        (location, name, pvp_type) 
    values
        (?, ?, ?) 
    returning id
2025-10-10T21:31:54.892Z  INFO 84 --- [           main] .t.d.DockerMachineClientProviderStrategy : docker-machine executable was not found on PATH ([/opt/java/openjdk/bin, /usr/local/sbin, /usr/local/bin, /usr/sbin, /usr/bin, /sbin, /bin])
2025-10-10T21:31:54.893Z ERROR 84 --- [           main] o.t.d.DockerClientProviderStrategy       : Could not find a valid Docker environment. Please check configuration. Attempted configurations were:
	UnixSocketClientProviderStrategy: failed with exception InvalidConfigurationException (Could not find unix domain socket). Root cause NoSuchFileException (/var/run/docker.sock)
	DockerDesktopClientProviderStrategy: failed with exception NullPointerException (Cannot invoke "java.nio.file.Path.toString()" because the return value of "org.testcontainers.dockerclient.DockerDesktopClientProviderStrategy.getSocketPath()" is null)As no valid configuration was found, execution cannot continue.
See https://java.testcontainers.org/on_failure.html for more details.
]]></system-out>
  </testcase>
</testsuite>